mode: atomic
github.com/vamshi1997/pismo-assessment/internal/boot/boot.go:17.16,20.2 2 0
github.com/vamshi1997/pismo-assessment/internal/boot/boot.go:22.23,24.2 1 0
github.com/vamshi1997/pismo-assessment/internal/boot/boot.go:26.15,39.16 4 0
github.com/vamshi1997/pismo-assessment/internal/boot/boot.go:39.16,41.13 2 0
github.com/vamshi1997/pismo-assessment/internal/boot/boot.go:43.2,46.16 3 0
github.com/vamshi1997/pismo-assessment/internal/boot/boot.go:46.16,48.13 2 0
github.com/vamshi1997/pismo-assessment/internal/boot/boot.go:50.2,50.56 1 0
github.com/vamshi1997/pismo-assessment/internal/boot/config.go:32.19,37.16 5 0
github.com/vamshi1997/pismo-assessment/internal/boot/config.go:37.16,38.56 1 0
github.com/vamshi1997/pismo-assessment/internal/boot/config.go:41.2,44.16 3 0
github.com/vamshi1997/pismo-assessment/internal/boot/config.go:44.16,47.3 2 0
github.com/vamshi1997/pismo-assessment/internal/boot/config.go:49.2,49.48 1 0
github.com/vamshi1997/pismo-assessment/internal/boot/config.go:52.25,54.2 1 0
github.com/vamshi1997/pismo-assessment/cmd/main.go:9.13,13.2 3 0
github.com/vamshi1997/pismo-assessment/internal/model/operation_type.go:21.40,23.2 1 0
github.com/vamshi1997/pismo-assessment/internal/model/operation_type.go:25.41,27.2 1 0
github.com/vamshi1997/pismo-assessment/internal/model/transaction.go:19.61,22.2 2 0
github.com/vamshi1997/pismo-assessment/internal/repo/account.go:9.82,10.52 1 0
github.com/vamshi1997/pismo-assessment/internal/repo/account.go:10.52,13.3 2 0
github.com/vamshi1997/pismo-assessment/internal/repo/account.go:15.2,16.21 2 0
github.com/vamshi1997/pismo-assessment/internal/repo/account.go:19.73,22.82 2 0
github.com/vamshi1997/pismo-assessment/internal/repo/account.go:22.82,25.3 2 0
github.com/vamshi1997/pismo-assessment/internal/repo/account.go:27.2,27.26 1 0
github.com/vamshi1997/pismo-assessment/internal/repo/interface.go:18.45,22.2 1 0
github.com/vamshi1997/pismo-assessment/internal/repo/transaction.go:8.99,9.56 1 0
github.com/vamshi1997/pismo-assessment/internal/repo/transaction.go:9.56,12.3 2 0
github.com/vamshi1997/pismo-assessment/internal/repo/transaction.go:14.2,14.26 1 0
github.com/vamshi1997/pismo-assessment/internal/repo/mock/interface.go:26.67,30.2 3 0
github.com/vamshi1997/pismo-assessment/internal/repo/mock/interface.go:33.65,35.2 1 0
github.com/vamshi1997/pismo-assessment/internal/repo/mock/interface.go:38.87,44.2 5 0
github.com/vamshi1997/pismo-assessment/internal/repo/mock/interface.go:47.88,50.2 2 0
github.com/vamshi1997/pismo-assessment/internal/repo/mock/interface.go:53.104,59.2 5 0
github.com/vamshi1997/pismo-assessment/internal/repo/mock/interface.go:62.96,65.2 2 0
github.com/vamshi1997/pismo-assessment/internal/repo/mock/interface.go:68.78,74.2 5 0
github.com/vamshi1997/pismo-assessment/internal/repo/mock/interface.go:77.87,80.2 2 0
github.com/vamshi1997/pismo-assessment/internal/router/router.go:13.34,22.16 6 0
github.com/vamshi1997/pismo-assessment/internal/router/router.go:22.16,25.3 2 0
github.com/vamshi1997/pismo-assessment/internal/router/router.go:27.2,27.94 1 0
github.com/vamshi1997/pismo-assessment/internal/router/routes.go:10.53,20.2 6 0
github.com/vamshi1997/pismo-assessment/internal/controller/app.go:15.55,19.2 1 3
github.com/vamshi1997/pismo-assessment/internal/controller/app.go:22.31,24.2 1 1
github.com/vamshi1997/pismo-assessment/internal/controller/app.go:27.54,34.53 2 3
github.com/vamshi1997/pismo-assessment/internal/controller/app.go:34.53,41.3 2 0
github.com/vamshi1997/pismo-assessment/internal/controller/app.go:44.2,44.39 1 3
github.com/vamshi1997/pismo-assessment/internal/controller/app.go:44.39,50.3 2 1
github.com/vamshi1997/pismo-assessment/internal/controller/app.go:52.2,53.16 2 2
github.com/vamshi1997/pismo-assessment/internal/controller/app.go:53.16,60.3 2 1
github.com/vamshi1997/pismo-assessment/internal/controller/app.go:62.2,66.4 1 1
github.com/vamshi1997/pismo-assessment/internal/controller/app.go:70.51,74.16 2 4
github.com/vamshi1997/pismo-assessment/internal/controller/app.go:74.16,81.3 2 1
github.com/vamshi1997/pismo-assessment/internal/controller/app.go:84.2,85.16 2 3
github.com/vamshi1997/pismo-assessment/internal/controller/app.go:85.16,92.3 2 1
github.com/vamshi1997/pismo-assessment/internal/controller/app.go:94.2,94.48 1 2
github.com/vamshi1997/pismo-assessment/internal/controller/app.go:94.48,100.3 2 1
github.com/vamshi1997/pismo-assessment/internal/controller/app.go:102.2,106.4 1 1
github.com/vamshi1997/pismo-assessment/internal/controller/app.go:110.58,116.57 2 6
github.com/vamshi1997/pismo-assessment/internal/controller/app.go:116.57,123.3 2 0
github.com/vamshi1997/pismo-assessment/internal/controller/app.go:126.2,126.62 1 6
github.com/vamshi1997/pismo-assessment/internal/controller/app.go:126.62,131.3 2 1
github.com/vamshi1997/pismo-assessment/internal/controller/app.go:134.2,134.139 1 5
github.com/vamshi1997/pismo-assessment/internal/controller/app.go:134.139,140.3 2 1
github.com/vamshi1997/pismo-assessment/internal/controller/app.go:143.2,143.64 1 4
github.com/vamshi1997/pismo-assessment/internal/controller/app.go:143.64,149.3 2 1
github.com/vamshi1997/pismo-assessment/internal/controller/app.go:152.2,153.16 2 3
github.com/vamshi1997/pismo-assessment/internal/controller/app.go:153.16,160.3 2 1
github.com/vamshi1997/pismo-assessment/internal/controller/app.go:161.2,161.47 1 2
github.com/vamshi1997/pismo-assessment/internal/controller/app.go:161.47,167.3 2 0
github.com/vamshi1997/pismo-assessment/internal/controller/app.go:169.2,169.78 1 2
github.com/vamshi1997/pismo-assessment/internal/controller/app.go:169.78,175.3 2 1
github.com/vamshi1997/pismo-assessment/internal/controller/app.go:177.2,182.44 1 1
github.com/vamshi1997/pismo-assessment/internal/model/operation_type.go:21.40,23.2 1 0
github.com/vamshi1997/pismo-assessment/internal/model/operation_type.go:25.41,27.2 1 6
github.com/vamshi1997/pismo-assessment/internal/model/transaction.go:19.61,22.2 2 0
github.com/vamshi1997/pismo-assessment/internal/repo/account.go:9.82,10.52 1 0
github.com/vamshi1997/pismo-assessment/internal/repo/account.go:10.52,13.3 2 0
github.com/vamshi1997/pismo-assessment/internal/repo/account.go:15.2,16.21 2 0
github.com/vamshi1997/pismo-assessment/internal/repo/account.go:19.73,22.82 2 0
github.com/vamshi1997/pismo-assessment/internal/repo/account.go:22.82,25.3 2 0
github.com/vamshi1997/pismo-assessment/internal/repo/account.go:27.2,27.26 1 0
github.com/vamshi1997/pismo-assessment/internal/repo/interface.go:18.45,22.2 1 0
github.com/vamshi1997/pismo-assessment/internal/repo/transaction.go:8.99,9.56 1 0
github.com/vamshi1997/pismo-assessment/internal/repo/transaction.go:9.56,12.3 2 0
github.com/vamshi1997/pismo-assessment/internal/repo/transaction.go:14.2,14.26 1 0
github.com/vamshi1997/pismo-assessment/internal/repo/mock/interface.go:26.67,30.2 3 3
github.com/vamshi1997/pismo-assessment/internal/repo/mock/interface.go:33.65,35.2 1 10
github.com/vamshi1997/pismo-assessment/internal/repo/mock/interface.go:38.87,44.2 5 2
github.com/vamshi1997/pismo-assessment/internal/repo/mock/interface.go:47.88,50.2 2 2
github.com/vamshi1997/pismo-assessment/internal/repo/mock/interface.go:53.104,59.2 5 2
github.com/vamshi1997/pismo-assessment/internal/repo/mock/interface.go:62.96,65.2 2 2
github.com/vamshi1997/pismo-assessment/internal/repo/mock/interface.go:68.78,74.2 5 6
github.com/vamshi1997/pismo-assessment/internal/repo/mock/interface.go:77.87,80.2 2 6
